This file contains any messages produced by compilers while
running configure, to aid debugging if configure makes a mistake.

It was created by FORM configure 5.0.0-beta.1, which was
generated by GNU Autoconf 2.71.  Invocation command line was

  $ ./configure

## --------- ##
## Platform. ##
## --------- ##

hostname = I9-13900K
uname -m = x86_64
uname -r = 5.10.16.3-microsoft-standard-WSL2
uname -s = Linux
uname -v = #1 SMP Fri Apr 2 22:23:49 UTC 2021

/usr/bin/uname -p = x86_64
/bin/uname -X     = unknown

/bin/arch              = x86_64
/usr/bin/arch -k       = unknown
/usr/convex/getsysinfo = unknown
/usr/bin/hostinfo      = unknown
/bin/machine           = unknown
/usr/bin/oslevel       = unknown
/bin/universe          = unknown

PATH: /usr/local/sbin/
PATH: /usr/local/bin/
PATH: /usr/sbin/
PATH: /usr/bin/
PATH: /sbin/
PATH: /bin/
PATH: /usr/games/
PATH: /usr/local/games/
PATH: /usr/lib/wsl/lib/
PATH: /mnt/c/Program Files/Common Files/Oracle/Java/javapath/
PATH: /mnt/c/Ruby32-x64/bin/
PATH: /mnt/c/Program Files/NVIDIA GPU Computing Toolkit/CUDA/v12.1/bin/
PATH: /mnt/c/Program Files/NVIDIA GPU Computing Toolkit/CUDA/v12.1/libnvvp/
PATH: /mnt/c/WINDOWS/system32/
PATH: /mnt/c/WINDOWS/
PATH: /mnt/c/WINDOWS/System32/Wbem/
PATH: /mnt/c/WINDOWS/System32/WindowsPowerShell/v1.0/
PATH: /mnt/c/WINDOWS/System32/OpenSSH/
PATH: /mnt/c/Program Files/dotnet/
PATH: /mnt/c/Strawberry/c/bin/
PATH: /mnt/c/Strawberry/perl/site/bin/
PATH: /mnt/c/Strawberry/perl/bin/
PATH: /mnt/c/Program Files/Git/cmd/
PATH: /mnt/c/Program Files/NVIDIA Corporation/Nsight Compute 2023.1.0/
PATH: /mnt/c/Program Files (x86)/NVIDIA Corporation/PhysX/Common/
PATH: /mnt/c/Program Files/NVIDIA Corporation/NVIDIA NvDLISR/
PATH: /mnt/c/ProgramData/chocolatey/bin/
PATH: /mnt/c/program files/nasm/
PATH: /mnt/c/Users/yilin/AppData/Local/Microsoft/WindowsApps/
PATH: /mnt/c/Users/yilin/.dotnet/tools/
PATH: /mnt/c/Program Files/JetBrains/IntelliJ IDEA Community Edition 2023.1/bin/
PATH: /mnt/c/Program Files/JetBrains/PyCharm Community Edition 2023.1/bin/
PATH: /mnt/c/Users/yilin/AppData/Local/Programs/Microsoft VS Code/bin/
PATH: /mnt/c/Users/yilin/AppData/Local/Programs/Microsoft VS Code Insiders/bin/
PATH: /mnt/c/Users/yilin/AppData/Local/GitHubDesktop/bin/
PATH: /mnt/c/Program Files/CMake/bin/
PATH: /mnt/c/Program Files (x86)/OpenCV/x64/vc17/bin/
PATH: /snap/bin/


## ----------- ##
## Core tests. ##
## ----------- ##

configure:2939: looking for aux files: config.guess config.sub compile missing install-sh
configure:2952:  trying ./build-aux/
configure:2981:   ./build-aux/config.guess found
configure:2981:   ./build-aux/config.sub found
configure:2981:   ./build-aux/compile found
configure:2981:   ./build-aux/missing found
configure:2963:   ./build-aux/install-sh found
configure:3115: checking for a BSD-compatible install
configure:3188: result: /usr/bin/install -c
configure:3199: checking whether build environment is sane
configure:3254: result: yes
configure:3413: checking for a race-free mkdir -p
configure:3457: result: /usr/bin/mkdir -p
configure:3464: checking for gawk
configure:3485: found /usr/bin/gawk
configure:3496: result: gawk
configure:3507: checking whether make sets $(MAKE)
configure:3530: result: yes
configure:3560: checking whether make supports nested variables
configure:3578: result: yes
configure:3814: checking for gcc
configure:3835: found /usr/bin/gcc
configure:3846: result: gcc
configure:3877: checking for C compiler version
configure:3886: gcc --version >&5
gcc (Ubuntu 11.3.0-1ubuntu1~22.04) 11.3.0
Copyright (C) 2021 Free Software Foundation, Inc.
This is free software; see the source for copying conditions.  There is NO
warranty; not even for MERCHANTABILITY or FITNESS FOR A PARTICULAR PURPOSE.

configure:3897: $? = 0
configure:3886: gcc -v >&5
Using built-in specs.
COLLECT_GCC=gcc
COLLECT_LTO_WRAPPER=/usr/lib/gcc/x86_64-linux-gnu/11/lto-wrapper
OFFLOAD_TARGET_NAMES=nvptx-none:amdgcn-amdhsa
OFFLOAD_TARGET_DEFAULT=1
Target: x86_64-linux-gnu
Configured with: ../src/configure -v --with-pkgversion='Ubuntu 11.3.0-1ubuntu1~22.04' --with-bugurl=file:///usr/share/doc/gcc-11/README.Bugs --enable-languages=c,ada,c++,go,brig,d,fortran,objc,obj-c++,m2 --prefix=/usr --with-gcc-major-version-only --program-suffix=-11 --program-prefix=x86_64-linux-gnu- --enable-shared --enable-linker-build-id --libexecdir=/usr/lib --without-included-gettext --enable-threads=posix --libdir=/usr/lib --enable-nls --enable-bootstrap --enable-clocale=gnu --enable-libstdcxx-debug --enable-libstdcxx-time=yes --with-default-libstdcxx-abi=new --enable-gnu-unique-object --disable-vtable-verify --enable-plugin --enable-default-pie --with-system-zlib --enable-libphobos-checking=release --with-target-system-zlib=auto --enable-objc-gc=auto --enable-multiarch --disable-werror --enable-cet --with-arch-32=i686 --with-abi=m64 --with-multilib-list=m32,m64,mx32 --enable-multilib --with-tune=generic --enable-offload-targets=nvptx-none=/build/gcc-11-xKiWfi/gcc-11-11.3.0/debian/tmp-nvptx/usr,amdgcn-amdhsa=/build/gcc-11-xKiWfi/gcc-11-11.3.0/debian/tmp-gcn/usr --without-cuda-driver --enable-checking=release --build=x86_64-linux-gnu --host=x86_64-linux-gnu --target=x86_64-linux-gnu --with-build-config=bootstrap-lto-lean --enable-link-serialization=2
Thread model: posix
Supported LTO compression algorithms: zlib zstd
gcc version 11.3.0 (Ubuntu 11.3.0-1ubuntu1~22.04) 
... rest of stderr output deleted ...
configure:3897: $? = 0
configure:3886: gcc -V >&5
gcc: error: unrecognized command-line option '-V'
gcc: fatal error: no input files
compilation terminated.
configure:3897: $? = 1
configure:3886: gcc -qversion >&5
gcc: error: unrecognized command-line option '-qversion'; did you mean '--version'?
gcc: fatal error: no input files
compilation terminated.
configure:3897: $? = 1
configure:3886: gcc -version >&5
gcc: error: unrecognized command-line option '-version'
gcc: fatal error: no input files
compilation terminated.
configure:3897: $? = 1
configure:3917: checking whether the C compiler works
configure:3939: gcc    conftest.c  >&5
configure:3943: $? = 0
configure:3993: result: yes
configure:3996: checking for C compiler default output file name
configure:3998: result: a.out
configure:4004: checking for suffix of executables
configure:4011: gcc -o conftest    conftest.c  >&5
configure:4015: $? = 0
configure:4038: result: 
configure:4060: checking whether we are cross compiling
configure:4068: gcc -o conftest    conftest.c  >&5
configure:4072: $? = 0
configure:4079: ./conftest
configure:4083: $? = 0
configure:4098: result: no
configure:4103: checking for suffix of object files
configure:4126: gcc -c   conftest.c >&5
configure:4130: $? = 0
configure:4152: result: o
configure:4156: checking whether the compiler supports GNU C
configure:4176: gcc -c   conftest.c >&5
configure:4176: $? = 0
configure:4186: result: yes
configure:4197: checking whether gcc accepts -g
configure:4218: gcc -c -g  conftest.c >&5
configure:4218: $? = 0
configure:4262: result: yes
configure:4282: checking for gcc option to enable C11 features
configure:4297: gcc  -c   conftest.c >&5
configure:4297: $? = 0
configure:4315: result: none needed
configure:4431: checking whether gcc understands -c and -o together
configure:4454: gcc -c conftest.c -o conftest2.o
configure:4457: $? = 0
configure:4454: gcc -c conftest.c -o conftest2.o
configure:4457: $? = 0
configure:4469: result: yes
configure:4489: checking whether make supports the include directive
configure:4504: make -f confmf.GNU && cat confinc.out
this is the am__doit target
configure:4507: $? = 0
configure:4526: result: yes (GNU style)
configure:4552: checking dependency style of gcc
configure:4664: result: gcc3
configure:4749: checking for g++
configure:4770: found /usr/bin/g++
configure:4781: result: g++
configure:4808: checking for C++ compiler version
configure:4817: g++ --version >&5
g++ (Ubuntu 11.3.0-1ubuntu1~22.04) 11.3.0
Copyright (C) 2021 Free Software Foundation, Inc.
This is free software; see the source for copying conditions.  There is NO
warranty; not even for MERCHANTABILITY or FITNESS FOR A PARTICULAR PURPOSE.

configure:4828: $? = 0
configure:4817: g++ -v >&5
Using built-in specs.
COLLECT_GCC=g++
COLLECT_LTO_WRAPPER=/usr/lib/gcc/x86_64-linux-gnu/11/lto-wrapper
OFFLOAD_TARGET_NAMES=nvptx-none:amdgcn-amdhsa
OFFLOAD_TARGET_DEFAULT=1
Target: x86_64-linux-gnu
Configured with: ../src/configure -v --with-pkgversion='Ubuntu 11.3.0-1ubuntu1~22.04' --with-bugurl=file:///usr/share/doc/gcc-11/README.Bugs --enable-languages=c,ada,c++,go,brig,d,fortran,objc,obj-c++,m2 --prefix=/usr --with-gcc-major-version-only --program-suffix=-11 --program-prefix=x86_64-linux-gnu- --enable-shared --enable-linker-build-id --libexecdir=/usr/lib --without-included-gettext --enable-threads=posix --libdir=/usr/lib --enable-nls --enable-bootstrap --enable-clocale=gnu --enable-libstdcxx-debug --enable-libstdcxx-time=yes --with-default-libstdcxx-abi=new --enable-gnu-unique-object --disable-vtable-verify --enable-plugin --enable-default-pie --with-system-zlib --enable-libphobos-checking=release --with-target-system-zlib=auto --enable-objc-gc=auto --enable-multiarch --disable-werror --enable-cet --with-arch-32=i686 --with-abi=m64 --with-multilib-list=m32,m64,mx32 --enable-multilib --with-tune=generic --enable-offload-targets=nvptx-none=/build/gcc-11-xKiWfi/gcc-11-11.3.0/debian/tmp-nvptx/usr,amdgcn-amdhsa=/build/gcc-11-xKiWfi/gcc-11-11.3.0/debian/tmp-gcn/usr --without-cuda-driver --enable-checking=release --build=x86_64-linux-gnu --host=x86_64-linux-gnu --target=x86_64-linux-gnu --with-build-config=bootstrap-lto-lean --enable-link-serialization=2
Thread model: posix
Supported LTO compression algorithms: zlib zstd
gcc version 11.3.0 (Ubuntu 11.3.0-1ubuntu1~22.04) 
... rest of stderr output deleted ...
configure:4828: $? = 0
configure:4817: g++ -V >&5
g++: error: unrecognized command-line option '-V'
g++: fatal error: no input files
compilation terminated.
configure:4828: $? = 1
configure:4817: g++ -qversion >&5
g++: error: unrecognized command-line option '-qversion'; did you mean '--version'?
g++: fatal error: no input files
compilation terminated.
configure:4828: $? = 1
configure:4832: checking whether the compiler supports GNU C++
configure:4852: g++ -c   conftest.cpp >&5
configure:4852: $? = 0
configure:4862: result: yes
configure:4873: checking whether g++ accepts -g
configure:4894: g++ -c -g  conftest.cpp >&5
configure:4894: $? = 0
configure:4938: result: yes
configure:4958: checking for g++ option to enable C++11 features
configure:4973: g++  -c   conftest.cpp >&5
conftest.cpp: In function 'int main(int, char**)':
conftest.cpp:177:25: warning: empty parentheses were disambiguated as a function declaration [-Wvexing-parse]
  177 |   cxx11test::delegate d2();
      |                         ^~
conftest.cpp:177:25: note: remove parentheses to default-initialize a variable
  177 |   cxx11test::delegate d2();
      |                         ^~
      |                         --
conftest.cpp:177:25: note: or replace parentheses with braces to value-initialize a variable
configure:4973: $? = 0
configure:4991: result: none needed
configure:5057: checking dependency style of g++
configure:5169: result: gcc3
configure:5184: checking whether ln -s works
configure:5188: result: yes
configure:5205: checking for stdio.h
configure:5205: gcc -c   conftest.c >&5
configure:5205: $? = 0
configure:5205: result: yes
configure:5205: checking for stdlib.h
configure:5205: gcc -c   conftest.c >&5
configure:5205: $? = 0
configure:5205: result: yes
configure:5205: checking for string.h
configure:5205: gcc -c   conftest.c >&5
configure:5205: $? = 0
configure:5205: result: yes
configure:5205: checking for inttypes.h
configure:5205: gcc -c   conftest.c >&5
configure:5205: $? = 0
configure:5205: result: yes
configure:5205: checking for stdint.h
configure:5205: gcc -c   conftest.c >&5
configure:5205: $? = 0
configure:5205: result: yes
configure:5205: checking for strings.h
configure:5205: gcc -c   conftest.c >&5
configure:5205: $? = 0
configure:5205: result: yes
configure:5205: checking for sys/stat.h
configure:5205: gcc -c   conftest.c >&5
configure:5205: $? = 0
configure:5205: result: yes
configure:5205: checking for sys/types.h
configure:5205: gcc -c   conftest.c >&5
configure:5205: $? = 0
configure:5205: result: yes
configure:5205: checking for unistd.h
configure:5205: gcc -c   conftest.c >&5
configure:5205: $? = 0
configure:5205: result: yes
configure:5205: checking for sys/time.h
configure:5205: gcc -c   conftest.c >&5
configure:5205: $? = 0
configure:5205: result: yes
configure:5230: checking for grep that handles long lines and -e
configure:5294: result: /usr/bin/grep
configure:5299: checking for egrep
configure:5367: result: /usr/bin/grep -E
configure:5377: checking for fcntl.h
configure:5377: gcc -c   conftest.c >&5
configure:5377: $? = 0
configure:5377: result: yes
configure:5383: checking for limits.h
configure:5383: gcc -c   conftest.c >&5
configure:5383: $? = 0
configure:5383: result: yes
configure:5389: checking for sys/file.h
configure:5389: gcc -c   conftest.c >&5
configure:5389: $? = 0
configure:5389: result: yes
configure:5404: checking for unordered_map
configure:5404: g++ -c   conftest.cpp >&5
configure:5404: $? = 0
configure:5404: result: yes
configure:5410: checking for tr1/unordered_map
configure:5410: g++ -c   conftest.cpp >&5
configure:5410: $? = 0
configure:5410: result: yes
configure:5416: checking for boost/unordered_map.hpp
configure:5416: g++ -c   conftest.cpp >&5
conftest.cpp:56:10: fatal error: boost/unordered_map.hpp: No such file or directory
   56 | #include <boost/unordered_map.hpp>
      |          ^~~~~~~~~~~~~~~~~~~~~~~~~
compilation terminated.
configure:5416: $? = 1
configure: failed program was:
| /* confdefs.h */
| #define PACKAGE_NAME "FORM"
| #define PACKAGE_TARNAME "form"
| #define PACKAGE_VERSION "5.0.0-beta.1"
| #define PACKAGE_STRING "FORM 5.0.0-beta.1"
| #define PACKAGE_BUGREPORT "https://github.com/vermaseren/form/issues"
| #define PACKAGE_URL ""
| #define PACKAGE "form"
| #define VERSION "5.0.0-beta.1"
| #define HAVE_STDIO_H 1
| #define HAVE_STDLIB_H 1
| #define HAVE_STRING_H 1
| #define HAVE_INTTYPES_H 1
| #define HAVE_STDINT_H 1
| #define HAVE_STRINGS_H 1
| #define HAVE_SYS_STAT_H 1
| #define HAVE_SYS_TYPES_H 1
| #define HAVE_UNISTD_H 1
| #define HAVE_SYS_TIME_H 1
| #define STDC_HEADERS 1
| #define TIME_WITH_SYS_TIME 1
| #define HAVE_FCNTL_H 1
| #define HAVE_LIMITS_H 1
| #define HAVE_SYS_FILE_H 1
| #define HAVE_UNORDERED_MAP 1
| #define HAVE_TR1_UNORDERED_MAP 1
| /* end confdefs.h.  */
| #include <stddef.h>
| #ifdef HAVE_STDIO_H
| # include <stdio.h>
| #endif
| #ifdef HAVE_STDLIB_H
| # include <stdlib.h>
| #endif
| #ifdef HAVE_STRING_H
| # include <string.h>
| #endif
| #ifdef HAVE_INTTYPES_H
| # include <inttypes.h>
| #endif
| #ifdef HAVE_STDINT_H
| # include <stdint.h>
| #endif
| #ifdef HAVE_STRINGS_H
| # include <strings.h>
| #endif
| #ifdef HAVE_SYS_TYPES_H
| # include <sys/types.h>
| #endif
| #ifdef HAVE_SYS_STAT_H
| # include <sys/stat.h>
| #endif
| #ifdef HAVE_UNISTD_H
| # include <unistd.h>
| #endif
| #include <boost/unordered_map.hpp>
configure:5416: result: no
configure:5423: checking for unordered_set
configure:5423: g++ -c   conftest.cpp >&5
configure:5423: $? = 0
configure:5423: result: yes
configure:5429: checking for tr1/unordered_set
configure:5429: g++ -c   conftest.cpp >&5
configure:5429: $? = 0
configure:5429: result: yes
configure:5435: checking for boost/unordered_set.hpp
configure:5435: g++ -c   conftest.cpp >&5
conftest.cpp:58:10: fatal error: boost/unordered_set.hpp: No such file or directory
   58 | #include <boost/unordered_set.hpp>
      |          ^~~~~~~~~~~~~~~~~~~~~~~~~
compilation terminated.
configure:5435: $? = 1
configure: failed program was:
| /* confdefs.h */
| #define PACKAGE_NAME "FORM"
| #define PACKAGE_TARNAME "form"
| #define PACKAGE_VERSION "5.0.0-beta.1"
| #define PACKAGE_STRING "FORM 5.0.0-beta.1"
| #define PACKAGE_BUGREPORT "https://github.com/vermaseren/form/issues"
| #define PACKAGE_URL ""
| #define PACKAGE "form"
| #define VERSION "5.0.0-beta.1"
| #define HAVE_STDIO_H 1
| #define HAVE_STDLIB_H 1
| #define HAVE_STRING_H 1
| #define HAVE_INTTYPES_H 1
| #define HAVE_STDINT_H 1
| #define HAVE_STRINGS_H 1
| #define HAVE_SYS_STAT_H 1
| #define HAVE_SYS_TYPES_H 1
| #define HAVE_UNISTD_H 1
| #define HAVE_SYS_TIME_H 1
| #define STDC_HEADERS 1
| #define TIME_WITH_SYS_TIME 1
| #define HAVE_FCNTL_H 1
| #define HAVE_LIMITS_H 1
| #define HAVE_SYS_FILE_H 1
| #define HAVE_UNORDERED_MAP 1
| #define HAVE_TR1_UNORDERED_MAP 1
| #define HAVE_UNORDERED_SET 1
| #define HAVE_TR1_UNORDERED_SET 1
| /* end confdefs.h.  */
| #include <stddef.h>
| #ifdef HAVE_STDIO_H
| # include <stdio.h>
| #endif
| #ifdef HAVE_STDLIB_H
| # include <stdlib.h>
| #endif
| #ifdef HAVE_STRING_H
| # include <string.h>
| #endif
| #ifdef HAVE_INTTYPES_H
| # include <inttypes.h>
| #endif
| #ifdef HAVE_STDINT_H
| # include <stdint.h>
| #endif
| #ifdef HAVE_STRINGS_H
| # include <strings.h>
| #endif
| #ifdef HAVE_SYS_TYPES_H
| # include <sys/types.h>
| #endif
| #ifdef HAVE_SYS_STAT_H
| # include <sys/stat.h>
| #endif
| #ifdef HAVE_UNISTD_H
| # include <unistd.h>
| #endif
| #include <boost/unordered_set.hpp>
configure:5435: result: no
configure:5453: checking __builtin_popcount
configure:5468: gcc -o conftest    conftest.c  >&5
configure:5468: $? = 0
configure:5477: result: yes
configure:5511: checking for inline
configure:5528: gcc -c   conftest.c >&5
configure:5528: $? = 0
configure:5537: result: inline
configure:5565: checking for special C compiler options needed for large files
configure:5613: result: no
configure:5619: checking for _FILE_OFFSET_BITS value needed for large files
configure:5645: gcc -c   conftest.c >&5
configure:5645: $? = 0
configure:5679: result: no
configure:5769: checking build system type
configure:5784: result: x86_64-pc-linux-gnu
configure:5804: checking host system type
configure:5818: result: x86_64-pc-linux-gnu
configure:5917: gcc -c   conftest.c >&5
conftest.c: In function 'main':
conftest.c:38:1: error: unknown type name 'choke'
   38 | choke me
      | ^~~~~
configure:5917: $? = 1
configure: failed program was:
| /* confdefs.h */
| #define PACKAGE_NAME "FORM"
| #define PACKAGE_TARNAME "form"
| #define PACKAGE_VERSION "5.0.0-beta.1"
| #define PACKAGE_STRING "FORM 5.0.0-beta.1"
| #define PACKAGE_BUGREPORT "https://github.com/vermaseren/form/issues"
| #define PACKAGE_URL ""
| #define PACKAGE "form"
| #define VERSION "5.0.0-beta.1"
| #define HAVE_STDIO_H 1
| #define HAVE_STDLIB_H 1
| #define HAVE_STRING_H 1
| #define HAVE_INTTYPES_H 1
| #define HAVE_STDINT_H 1
| #define HAVE_STRINGS_H 1
| #define HAVE_SYS_STAT_H 1
| #define HAVE_SYS_TYPES_H 1
| #define HAVE_UNISTD_H 1
| #define HAVE_SYS_TIME_H 1
| #define STDC_HEADERS 1
| #define TIME_WITH_SYS_TIME 1
| #define HAVE_FCNTL_H 1
| #define HAVE_LIMITS_H 1
| #define HAVE_SYS_FILE_H 1
| #define HAVE_UNORDERED_MAP 1
| #define HAVE_TR1_UNORDERED_MAP 1
| #define HAVE_UNORDERED_SET 1
| #define HAVE_TR1_UNORDERED_SET 1
| #define HAVE_BUILTIN_POPCOUNT 1
| #define LINUX /**/
| /* end confdefs.h.  */
| 
| int
| main (void)
| {
| 
| #if !(defined(__ICC) || defined(__ECC) || defined(__INTEL_COMPILER))
| choke me
| #endif
| 
|   ;
|   return 0;
| }
configure:5917: gcc -c   conftest.c >&5
configure:5917: $? = 0
configure:5946: checking for unistd.h
configure:5946: result: yes
configure:6007: checking size of char
configure:6013: gcc -o conftest    conftest.c  >&5
configure:6013: $? = 0
configure:6013: ./conftest
configure:6013: $? = 0
configure:6028: result: 1
configure:6040: checking size of short
configure:6046: gcc -o conftest    conftest.c  >&5
configure:6046: $? = 0
configure:6046: ./conftest
configure:6046: $? = 0
configure:6061: result: 2
configure:6073: checking size of int
configure:6079: gcc -o conftest    conftest.c  >&5
configure:6079: $? = 0
configure:6079: ./conftest
configure:6079: $? = 0
configure:6094: result: 4
configure:6106: checking size of long
configure:6112: gcc -o conftest    conftest.c  >&5
configure:6112: $? = 0
configure:6112: ./conftest
configure:6112: $? = 0
configure:6127: result: 8
configure:6139: checking size of long long
configure:6145: gcc -o conftest    conftest.c  >&5
configure:6145: $? = 0
configure:6145: ./conftest
configure:6145: $? = 0
configure:6160: result: 8
configure:6172: checking size of void *
configure:6178: gcc -o conftest    conftest.c  >&5
configure:6178: $? = 0
configure:6178: ./conftest
configure:6178: $? = 0
configure:6193: result: 8
configure:6205: checking size of off_t
configure:6211: gcc -o conftest    conftest.c  >&5
configure:6211: $? = 0
configure:6211: ./conftest
configure:6211: $? = 0
configure:6226: result: 8
configure:6303: The data model is LP64
configure:6326: checking for gmp.h
configure:6326: gcc -c   conftest.c >&5
conftest.c:70:10: fatal error: gmp.h: No such file or directory
   70 | #include <gmp.h>
      |          ^~~~~~~
compilation terminated.
configure:6326: $? = 1
configure: failed program was:
| /* confdefs.h */
| #define PACKAGE_NAME "FORM"
| #define PACKAGE_TARNAME "form"
| #define PACKAGE_VERSION "5.0.0-beta.1"
| #define PACKAGE_STRING "FORM 5.0.0-beta.1"
| #define PACKAGE_BUGREPORT "https://github.com/vermaseren/form/issues"
| #define PACKAGE_URL ""
| #define PACKAGE "form"
| #define VERSION "5.0.0-beta.1"
| #define HAVE_STDIO_H 1
| #define HAVE_STDLIB_H 1
| #define HAVE_STRING_H 1
| #define HAVE_INTTYPES_H 1
| #define HAVE_STDINT_H 1
| #define HAVE_STRINGS_H 1
| #define HAVE_SYS_STAT_H 1
| #define HAVE_SYS_TYPES_H 1
| #define HAVE_UNISTD_H 1
| #define HAVE_SYS_TIME_H 1
| #define STDC_HEADERS 1
| #define TIME_WITH_SYS_TIME 1
| #define HAVE_FCNTL_H 1
| #define HAVE_LIMITS_H 1
| #define HAVE_SYS_FILE_H 1
| #define HAVE_UNORDERED_MAP 1
| #define HAVE_TR1_UNORDERED_MAP 1
| #define HAVE_UNORDERED_SET 1
| #define HAVE_TR1_UNORDERED_SET 1
| #define HAVE_BUILTIN_POPCOUNT 1
| #define LINUX /**/
| #define HAVE_UNISTD_H 1
| #define UNIX /**/
| #define SIZEOF_CHAR 1
| #define SIZEOF_SHORT 2
| #define SIZEOF_INT 4
| #define SIZEOF_LONG 8
| #define SIZEOF_LONG_LONG 8
| #define SIZEOF_VOID_P 8
| #define SIZEOF_OFF_T 8
| #define LP64 /**/
| /* end confdefs.h.  */
| #include <stddef.h>
| #ifdef HAVE_STDIO_H
| # include <stdio.h>
| #endif
| #ifdef HAVE_STDLIB_H
| # include <stdlib.h>
| #endif
| #ifdef HAVE_STRING_H
| # include <string.h>
| #endif
| #ifdef HAVE_INTTYPES_H
| # include <inttypes.h>
| #endif
| #ifdef HAVE_STDINT_H
| # include <stdint.h>
| #endif
| #ifdef HAVE_STRINGS_H
| # include <strings.h>
| #endif
| #ifdef HAVE_SYS_TYPES_H
| # include <sys/types.h>
| #endif
| #ifdef HAVE_SYS_STAT_H
| # include <sys/stat.h>
| #endif
| #ifdef HAVE_UNISTD_H
| # include <unistd.h>
| #endif
| #include <gmp.h>
configure:6326: result: no
configure:6394: GMP is not available
configure:6420: checking for mpfr.h
configure:6420: gcc -c   conftest.c >&5
conftest.c:70:10: fatal error: mpfr.h: No such file or directory
   70 | #include <mpfr.h>
      |          ^~~~~~~~
compilation terminated.
configure:6420: $? = 1
configure: failed program was:
| /* confdefs.h */
| #define PACKAGE_NAME "FORM"
| #define PACKAGE_TARNAME "form"
| #define PACKAGE_VERSION "5.0.0-beta.1"
| #define PACKAGE_STRING "FORM 5.0.0-beta.1"
| #define PACKAGE_BUGREPORT "https://github.com/vermaseren/form/issues"
| #define PACKAGE_URL ""
| #define PACKAGE "form"
| #define VERSION "5.0.0-beta.1"
| #define HAVE_STDIO_H 1
| #define HAVE_STDLIB_H 1
| #define HAVE_STRING_H 1
| #define HAVE_INTTYPES_H 1
| #define HAVE_STDINT_H 1
| #define HAVE_STRINGS_H 1
| #define HAVE_SYS_STAT_H 1
| #define HAVE_SYS_TYPES_H 1
| #define HAVE_UNISTD_H 1
| #define HAVE_SYS_TIME_H 1
| #define STDC_HEADERS 1
| #define TIME_WITH_SYS_TIME 1
| #define HAVE_FCNTL_H 1
| #define HAVE_LIMITS_H 1
| #define HAVE_SYS_FILE_H 1
| #define HAVE_UNORDERED_MAP 1
| #define HAVE_TR1_UNORDERED_MAP 1
| #define HAVE_UNORDERED_SET 1
| #define HAVE_TR1_UNORDERED_SET 1
| #define HAVE_BUILTIN_POPCOUNT 1
| #define LINUX /**/
| #define HAVE_UNISTD_H 1
| #define UNIX /**/
| #define SIZEOF_CHAR 1
| #define SIZEOF_SHORT 2
| #define SIZEOF_INT 4
| #define SIZEOF_LONG 8
| #define SIZEOF_LONG_LONG 8
| #define SIZEOF_VOID_P 8
| #define SIZEOF_OFF_T 8
| #define LP64 /**/
| /* end confdefs.h.  */
| #include <stddef.h>
| #ifdef HAVE_STDIO_H
| # include <stdio.h>
| #endif
| #ifdef HAVE_STDLIB_H
| # include <stdlib.h>
| #endif
| #ifdef HAVE_STRING_H
| # include <string.h>
| #endif
| #ifdef HAVE_INTTYPES_H
| # include <inttypes.h>
| #endif
| #ifdef HAVE_STDINT_H
| # include <stdint.h>
| #endif
| #ifdef HAVE_STRINGS_H
| # include <strings.h>
| #endif
| #ifdef HAVE_SYS_TYPES_H
| # include <sys/types.h>
| #endif
| #ifdef HAVE_SYS_STAT_H
| # include <sys/stat.h>
| #endif
| #ifdef HAVE_UNISTD_H
| # include <unistd.h>
| #endif
| #include <mpfr.h>
configure:6420: result: no
configure:6488: MPFR is not available
configure:6514: checking for zlib.h
configure:6514: gcc -c   conftest.c >&5
conftest.c:70:10: fatal error: zlib.h: No such file or directory
   70 | #include <zlib.h>
      |          ^~~~~~~~
compilation terminated.
configure:6514: $? = 1
configure: failed program was:
| /* confdefs.h */
| #define PACKAGE_NAME "FORM"
| #define PACKAGE_TARNAME "form"
| #define PACKAGE_VERSION "5.0.0-beta.1"
| #define PACKAGE_STRING "FORM 5.0.0-beta.1"
| #define PACKAGE_BUGREPORT "https://github.com/vermaseren/form/issues"
| #define PACKAGE_URL ""
| #define PACKAGE "form"
| #define VERSION "5.0.0-beta.1"
| #define HAVE_STDIO_H 1
| #define HAVE_STDLIB_H 1
| #define HAVE_STRING_H 1
| #define HAVE_INTTYPES_H 1
| #define HAVE_STDINT_H 1
| #define HAVE_STRINGS_H 1
| #define HAVE_SYS_STAT_H 1
| #define HAVE_SYS_TYPES_H 1
| #define HAVE_UNISTD_H 1
| #define HAVE_SYS_TIME_H 1
| #define STDC_HEADERS 1
| #define TIME_WITH_SYS_TIME 1
| #define HAVE_FCNTL_H 1
| #define HAVE_LIMITS_H 1
| #define HAVE_SYS_FILE_H 1
| #define HAVE_UNORDERED_MAP 1
| #define HAVE_TR1_UNORDERED_MAP 1
| #define HAVE_UNORDERED_SET 1
| #define HAVE_TR1_UNORDERED_SET 1
| #define HAVE_BUILTIN_POPCOUNT 1
| #define LINUX /**/
| #define HAVE_UNISTD_H 1
| #define UNIX /**/
| #define SIZEOF_CHAR 1
| #define SIZEOF_SHORT 2
| #define SIZEOF_INT 4
| #define SIZEOF_LONG 8
| #define SIZEOF_LONG_LONG 8
| #define SIZEOF_VOID_P 8
| #define SIZEOF_OFF_T 8
| #define LP64 /**/
| /* end confdefs.h.  */
| #include <stddef.h>
| #ifdef HAVE_STDIO_H
| # include <stdio.h>
| #endif
| #ifdef HAVE_STDLIB_H
| # include <stdlib.h>
| #endif
| #ifdef HAVE_STRING_H
| # include <string.h>
| #endif
| #ifdef HAVE_INTTYPES_H
| # include <inttypes.h>
| #endif
| #ifdef HAVE_STDINT_H
| # include <stdint.h>
| #endif
| #ifdef HAVE_STRINGS_H
| # include <strings.h>
| #endif
| #ifdef HAVE_SYS_TYPES_H
| # include <sys/types.h>
| #endif
| #ifdef HAVE_SYS_STAT_H
| # include <sys/stat.h>
| #endif
| #ifdef HAVE_UNISTD_H
| # include <unistd.h>
| #endif
| #include <zlib.h>
configure:6514: result: no
configure:6582: zlib is not available
configure:6689: checking whether pthreads works without any flags
configure:6726: gcc -o conftest     conftest.c   >&5
configure:6726: $? = 0
configure:6734: result: yes
configure:6750: checking for pthread_rwlock_t
configure:6779: gcc -c    conftest.c >&5
configure:6779: $? = 0
configure:6785: result: yes
configure:6798: checking for the POSIX thread clock
configure:6818: gcc -c    conftest.c >&5
configure:6818: $? = 0
configure:6826: result: yes
configure:6832: checking for library containing clock_gettime
configure:6862: gcc -o conftest    conftest.c  >&5
configure:6862: $? = 0
configure:6882: result: none required
configure:7505: checking for library containing clock_gettime
configure:7555: result: none required
configure:7946: checking whether C compiler accepts -Wno-misleading-indentation
configure:7966: gcc -c  -Werror -Wno-misleading-indentation  conftest.c >&5
configure:7966: $? = 0
configure:7975: result: yes
configure:7986: checking whether C compiler accepts -Wno-stringop-overflow
configure:8006: gcc -c  -Werror -Wno-stringop-overflow  conftest.c >&5
configure:8006: $? = 0
configure:8015: result: yes
configure:8033: checking whether C compiler accepts -march=native
configure:8053: gcc -c  -Werror -march=native  conftest.c >&5
configure:8053: $? = 0
configure:8062: result: yes
configure:8445: checking for doxygen
configure:8484: result: no
configure:8501: checking for latex
configure:8540: result: no
configure:8547: checking for pdflatex
configure:8586: result: no
configure:8593: checking for dvips
configure:8632: result: no
configure:8639: checking for makeindex
configure:8678: result: no
configure:8685: checking for htlatex
configure:8724: result: no
configure:8731: checking for latex2html
configure:8770: result: no
configure:8827: checking for ruby
configure:8866: result: no
configure:9003: checking that generated files are newer than configure
configure:9009: result: done
configure:9108: creating ./config.status

## ---------------------- ##
## Running config.status. ##
## ---------------------- ##

This file was extended by FORM config.status 5.0.0-beta.1, which was
generated by GNU Autoconf 2.71.  Invocation command line was

  CONFIG_FILES    = 
  CONFIG_HEADERS  = 
  CONFIG_LINKS    = 
  CONFIG_COMMANDS = 
  $ ./config.status 

on I9-13900K

config.status:957: creating Makefile
config.status:957: creating sources/Makefile
config.status:957: creating doc/Makefile
config.status:957: creating doc/manual/Makefile
config.status:957: creating doc/manual/manual.tex
config.status:957: creating doc/devref/Makefile
config.status:957: creating doc/devref/devref.tex
config.status:957: creating doc/doxygen/Makefile
config.status:957: creating doc/doxygen/DoxyfileHTML
config.status:957: creating doc/doxygen/DoxyfileLATEX
config.status:957: creating doc/doxygen/DoxyfilePDFLATEX
config.status:957: creating check/Makefile
config.status:957: creating config.h
config.status:1138: config.h is unchanged
config.status:1186: executing depfiles commands
config.status:1263: cd sources       && sed -e '/# am--include-marker/d' Makefile         | make -f - am--depfiles
config.status:1268: $? = 0

## ---------------- ##
## Cache variables. ##
## ---------------- ##

ac_cv_build=x86_64-pc-linux-gnu
ac_cv_c_compiler_gnu=yes
ac_cv_c_inline=inline
ac_cv_cxx_compiler_gnu=yes
ac_cv_env_CCC_set=
ac_cv_env_CCC_value=
ac_cv_env_CC_set=
ac_cv_env_CC_value=
ac_cv_env_CFLAGS_set=
ac_cv_env_CFLAGS_value=
ac_cv_env_COMPILEFLAGS_set=
ac_cv_env_COMPILEFLAGS_value=
ac_cv_env_CPPFLAGS_set=
ac_cv_env_CPPFLAGS_value=
ac_cv_env_CXXFLAGS_set=
ac_cv_env_CXXFLAGS_value=
ac_cv_env_CXX_set=
ac_cv_env_CXX_value=
ac_cv_env_DEBUGCOMPILEFLAGS_set=
ac_cv_env_DEBUGCOMPILEFLAGS_value=
ac_cv_env_DEBUGLINKFLAGS_set=
ac_cv_env_DEBUGLINKFLAGS_value=
ac_cv_env_LDFLAGS_set=
ac_cv_env_LDFLAGS_value=
ac_cv_env_LIBS_set=
ac_cv_env_LIBS_value=
ac_cv_env_LINKFLAGS_set=
ac_cv_env_LINKFLAGS_value=
ac_cv_env_MPICC_set=
ac_cv_env_MPICC_value=
ac_cv_env_MPICXX_set=
ac_cv_env_MPICXX_value=
ac_cv_env_build_alias_set=
ac_cv_env_build_alias_value=
ac_cv_env_host_alias_set=
ac_cv_env_host_alias_value=
ac_cv_env_target_alias_set=
ac_cv_env_target_alias_value=
ac_cv_header_boost_unordered_map_hpp=no
ac_cv_header_boost_unordered_set_hpp=no
ac_cv_header_fcntl_h=yes
ac_cv_header_gmp_h=no
ac_cv_header_inttypes_h=yes
ac_cv_header_limits_h=yes
ac_cv_header_mpfr_h=no
ac_cv_header_stdint_h=yes
ac_cv_header_stdio_h=yes
ac_cv_header_stdlib_h=yes
ac_cv_header_string_h=yes
ac_cv_header_strings_h=yes
ac_cv_header_sys_file_h=yes
ac_cv_header_sys_stat_h=yes
ac_cv_header_sys_time_h=yes
ac_cv_header_sys_types_h=yes
ac_cv_header_tr1_unordered_map=yes
ac_cv_header_tr1_unordered_set=yes
ac_cv_header_unistd_h=yes
ac_cv_header_unordered_map=yes
ac_cv_header_unordered_set=yes
ac_cv_header_zlib_h=no
ac_cv_host=x86_64-pc-linux-gnu
ac_cv_objext=o
ac_cv_path_DOXYGEN=
ac_cv_path_DVIPS=
ac_cv_path_EGREP='/usr/bin/grep -E'
ac_cv_path_GREP=/usr/bin/grep
ac_cv_path_HTLATEX=
ac_cv_path_LATEX2HTML=
ac_cv_path_LATEX=
ac_cv_path_MAKEINDEX=
ac_cv_path_PDFLATEX=
ac_cv_path_RUBY=
ac_cv_path_install='/usr/bin/install -c'
ac_cv_path_mkdir=/usr/bin/mkdir
ac_cv_prog_AWK=gawk
ac_cv_prog_ac_ct_CC=gcc
ac_cv_prog_ac_ct_CXX=g++
ac_cv_prog_cc_c11=
ac_cv_prog_cc_g=yes
ac_cv_prog_cc_stdc=
ac_cv_prog_cxx_11=no
ac_cv_prog_cxx_cxx11=
ac_cv_prog_cxx_g=yes
ac_cv_prog_cxx_stdcxx=
ac_cv_prog_make_make_set=yes
ac_cv_search_clock_gettime='none required'
ac_cv_sizeof_LONG=8
ac_cv_sizeof_WORD=4
ac_cv_sizeof_char=1
ac_cv_sizeof_int=4
ac_cv_sizeof_long=8
ac_cv_sizeof_long_long=8
ac_cv_sizeof_off_t=8
ac_cv_sizeof_short=2
ac_cv_sizeof_void_p=8
ac_cv_sys_file_offset_bits=no
ac_cv_sys_largefile_CC=no
am_cv_CC_dependencies_compiler_type=gcc3
am_cv_CXX_dependencies_compiler_type=gcc3
am_cv_make_support_nested_variables=yes
am_cv_prog_cc_c_o=yes
ax_cv_check_cflags__Werror__Wno_misleading_indentation=yes
ax_cv_check_cflags__Werror__Wno_stringop_overflow=yes
ax_cv_check_cflags__Werror__march_native=yes

## ----------------- ##
## Output variables. ##
## ----------------- ##

ACLOCAL='${SHELL} '\''/home/yilin/Working/form/build-aux/missing'\'' aclocal-1.16'
AMDEPBACKSLASH='\'
AMDEP_FALSE='#'
AMDEP_TRUE=''
AMTAR='$${TAR-tar}'
AM_BACKSLASH='\'
AM_DEFAULT_V='$(AM_DEFAULT_VERBOSITY)'
AM_DEFAULT_VERBOSITY='1'
AM_V='$(V)'
AUTOCONF='${SHELL} '\''/home/yilin/Working/form/build-aux/missing'\'' autoconf'
AUTOHEADER='${SHELL} '\''/home/yilin/Working/form/build-aux/missing'\'' autoheader'
AUTOMAKE='${SHELL} '\''/home/yilin/Working/form/build-aux/missing'\'' automake-1.16'
AUTOMAKE_GE_110_FALSE='#'
AUTOMAKE_GE_110_TRUE=''
AWK='gawk'
BUILD_FORM_FALSE='#'
BUILD_FORM_TRUE=''
BUILD_PARFORM_FALSE=''
BUILD_PARFORM_TRUE='#'
BUILD_PARVORM_FALSE=''
BUILD_PARVORM_TRUE='#'
BUILD_TFORM_FALSE='#'
BUILD_TFORM_TRUE=''
BUILD_TVORM_FALSE=''
BUILD_TVORM_TRUE='#'
BUILD_VORM_FALSE=''
BUILD_VORM_TRUE='#'
CC='gcc'
CCDEPMODE='depmode=gcc3'
CFLAGS=''
COMPILEFLAGS='-Wall -Wextra -Wno-misleading-indentation -Wno-stringop-overflow -O3 -fomit-frame-pointer -march=native'
CONFIG_DOXYGEN_FALSE=''
CONFIG_DOXYGEN_TRUE='#'
CONFIG_HTLATEX_FALSE=''
CONFIG_HTLATEX_TRUE='#'
CONFIG_LATEX2HTML_FALSE=''
CONFIG_LATEX2HTML_TRUE='#'
CONFIG_MAKEINDEX_FALSE=''
CONFIG_MAKEINDEX_TRUE='#'
CONFIG_PDF_FALSE=''
CONFIG_PDF_TRUE='#'
CONFIG_PS_FALSE=''
CONFIG_PS_TRUE='#'
CONFIG_RUBY_FALSE=''
CONFIG_RUBY_TRUE='#'
CONFIG_TEX_FALSE=''
CONFIG_TEX_TRUE='#'
CPPFLAGS=''
CSCOPE='cscope'
CTAGS='ctags'
CXX='g++'
CXXDEPMODE='depmode=gcc3'
CXXFLAGS=''
CYGPATH_W='echo'
DEBUGCOMPILEFLAGS=''
DEBUGLINKFLAGS=''
DEBUGTOOL_LIBS=''
DEFS='-DHAVE_CONFIG_H'
DEPDIR='.deps'
DOXYGEN=''
DVIPS=''
ECHO_C=''
ECHO_N='-n'
ECHO_T=''
EGREP='/usr/bin/grep -E'
ETAGS='etags'
EXEEXT=''
FIXED_VERSION_FALSE=''
FIXED_VERSION_TRUE='#'
GREP='/usr/bin/grep'
HTLATEX=''
INSTALL_DATA='${INSTALL} -m 644'
INSTALL_PROGRAM='${INSTALL}'
INSTALL_SCRIPT='${INSTALL}'
INSTALL_STRIP_PROGRAM='$(install_sh) -c -s'
LATEX2HTML=''
LATEX=''
LDFLAGS=''
LIBOBJS=''
LIBS=''
LINKFLAGS='-s'
LN_S='ln -s'
LTLIBOBJS=''
MAKEINDEX=''
MAKEINFO='${SHELL} '\''/home/yilin/Working/form/build-aux/missing'\'' makeinfo'
MKDIR_P='/usr/bin/mkdir -p'
MPICC=''
MPICXX=''
MPI_CFLAGS=''
MPI_CPPFLAGS=''
MPI_CXXFLAGS=''
MPI_STATIC_LDFLAGS=''
OBJEXT='o'
ONUNIX_FALSE='#'
ONUNIX_TRUE=''
ONWINDOWS_FALSE=''
ONWINDOWS_TRUE='#'
PACKAGE='form'
PACKAGE_BUGREPORT='https://github.com/vermaseren/form/issues'
PACKAGE_NAME='FORM'
PACKAGE_STRING='FORM 5.0.0-beta.1'
PACKAGE_TARNAME='form'
PACKAGE_URL=''
PACKAGE_VERSION='5.0.0-beta.1'
PATH_SEPARATOR=':'
PDFLATEX=''
PTHREAD_CFLAGS=''
PTHREAD_CPPFLAGS=''
PTHREAD_LIBS=''
RUBY=''
SET_MAKE=''
SHELL='/bin/bash'
STATIC_LDFLAGS=''
STRIP=''
TOOL_LIBS=''
VERSION='5.0.0-beta.1'
ac_ct_CC='gcc'
ac_ct_CXX='g++'
am__EXEEXT_FALSE=''
am__EXEEXT_TRUE='#'
am__fastdepCC_FALSE='#'
am__fastdepCC_TRUE=''
am__fastdepCXX_FALSE='#'
am__fastdepCXX_TRUE=''
am__include='include'
am__isrc=''
am__leading_dot='.'
am__nodep='_no'
am__quote=''
am__tar='$${TAR-tar} chof - "$$tardir"'
am__untar='$${TAR-tar} xf -'
bindir='${exec_prefix}/bin'
build='x86_64-pc-linux-gnu'
build_alias=''
build_cpu='x86_64'
build_os='linux-gnu'
build_vendor='pc'
datadir='${datarootdir}'
datarootdir='${prefix}/share'
docdir='${datarootdir}/doc/${PACKAGE_TARNAME}'
dvidir='${docdir}'
exec_prefix='${prefix}'
host='x86_64-pc-linux-gnu'
host_alias=''
host_cpu='x86_64'
host_os='linux-gnu'
host_vendor='pc'
htmldir='${docdir}'
includedir='${prefix}/include'
infodir='${datarootdir}/info'
install_sh='${SHELL} /home/yilin/Working/form/build-aux/install-sh'
libdir='${exec_prefix}/lib'
libexecdir='${exec_prefix}/libexec'
localedir='${datarootdir}/locale'
localstatedir='${prefix}/var'
mandir='${datarootdir}/man'
mkdir_p='$(MKDIR_P)'
oldincludedir='/usr/include'
pdfdir='${docdir}'
prefix='/usr/local'
program_transform_name='s,x,x,'
psdir='${docdir}'
runstatedir='${localstatedir}/run'
sbindir='${exec_prefix}/sbin'
sharedstatedir='${prefix}/com'
sysconfdir='${prefix}/etc'
target_alias=''

## ----------- ##
## confdefs.h. ##
## ----------- ##

/* confdefs.h */
#define PACKAGE_NAME "FORM"
#define PACKAGE_TARNAME "form"
#define PACKAGE_VERSION "5.0.0-beta.1"
#define PACKAGE_STRING "FORM 5.0.0-beta.1"
#define PACKAGE_BUGREPORT "https://github.com/vermaseren/form/issues"
#define PACKAGE_URL ""
#define PACKAGE "form"
#define VERSION "5.0.0-beta.1"
#define HAVE_STDIO_H 1
#define HAVE_STDLIB_H 1
#define HAVE_STRING_H 1
#define HAVE_INTTYPES_H 1
#define HAVE_STDINT_H 1
#define HAVE_STRINGS_H 1
#define HAVE_SYS_STAT_H 1
#define HAVE_SYS_TYPES_H 1
#define HAVE_UNISTD_H 1
#define HAVE_SYS_TIME_H 1
#define STDC_HEADERS 1
#define TIME_WITH_SYS_TIME 1
#define HAVE_FCNTL_H 1
#define HAVE_LIMITS_H 1
#define HAVE_SYS_FILE_H 1
#define HAVE_UNORDERED_MAP 1
#define HAVE_TR1_UNORDERED_MAP 1
#define HAVE_UNORDERED_SET 1
#define HAVE_TR1_UNORDERED_SET 1
#define HAVE_BUILTIN_POPCOUNT 1
#define LINUX /**/
#define HAVE_UNISTD_H 1
#define UNIX /**/
#define SIZEOF_CHAR 1
#define SIZEOF_SHORT 2
#define SIZEOF_INT 4
#define SIZEOF_LONG 8
#define SIZEOF_LONG_LONG 8
#define SIZEOF_VOID_P 8
#define SIZEOF_OFF_T 8
#define LP64 /**/
#ifdef WITHPTHREADS
#define WITHPOSIXCLOCK /**/
#endif
#define HAVE_CLOCK_GETTIME 1

configure: exit 0
